Info: Starting: Create block symbol file (.bsf)
Info: ip-generate --project-directory=P:/FPGA/TP1/ --output-directory=P:/FPGA/TP1/nios_system/ --report-file=bsf:P:/FPGA/TP1/nios_system.bsf --system-info=DEVICE_FAMILY="Cyclone IV E" --system-info=DEVICE=Unknown --system-info=DEVICE_SPEEDGRADE=Unknown --component-file=P:/FPGA/TP1/nios_system.qsys
Progress: Loading TP1/nios_system.qsys
Progress: Reading input file
Progress: Adding clk_0 [clock_source 13.0]
Progress: Parameterizing module clk_0
Progress: Adding CPU [altera_nios2_qsys 13.0]
Progress: Parameterizing module CPU
Progress: Adding MEMOIRE_INTERNE [altera_avalon_onchip_memory2 13.0.1.99.2]
Progress: Parameterizing module MEMOIRE_INTERNE
Progress: Adding INPUT [altera_avalon_pio 13.0.1.99.2]
Progress: Parameterizing module INPUT
Progress: Adding OUTPUT [altera_avalon_pio 13.0.1.99.2]
Progress: Parameterizing module OUTPUT
Progress: Adding JTAG_UART [altera_avalon_jtag_uart 13.0.1.99.2]
Progress: Parameterizing module JTAG_UART
Progress: Adding SDRAM [altera_avalon_new_sdram_controller 13.0.1.99.2]
Progress: Parameterizing module SDRAM
Progress: Adding CNTRL_LEFT [altera_avalon_pio 13.0.1.99.2]
Progress: Parameterizing module CNTRL_LEFT
Progress: Adding CNTRL_RIGHT [altera_avalon_pio 13.0.1.99.2]
Progress: Parameterizing module CNTRL_RIGHT
Progress: Building connections
Progress: Parameterizing connections
Progress: Validating
Progress: Done reading input file
Info: nios_system.INPUT: PIO inputs are not hardwired in test bench. Undefined values will be read from PIO inputs during simulation.
Info: ip-generate succeeded.
Info: Finished: Create block symbol file (.bsf)
Info: 
Info: Starting: Create HDL design files for synthesis
Info: ip-generate --project-directory=P:/FPGA/TP1/ --output-directory=P:/FPGA/TP1/nios_system/synthesis/ --file-set=QUARTUS_SYNTH --report-file=sopcinfo:P:/FPGA/TP1/nios_system.sopcinfo --report-file=html:P:/FPGA/TP1/nios_system.html --report-file=qip:P:/FPGA/TP1/nios_system/synthesis/nios_system.qip --report-file=cmp:P:/FPGA/TP1/nios_system.cmp --report-file=svd --system-info=DEVICE_FAMILY="Cyclone IV E" --system-info=DEVICE=Unknown --system-info=DEVICE_SPEEDGRADE=Unknown --component-file=P:/FPGA/TP1/nios_system.qsys --language=VHDL
Progress: Loading TP1/nios_system.qsys
Progress: Reading input file
Progress: Adding clk_0 [clock_source 13.0]
Progress: Parameterizing module clk_0
Progress: Adding CPU [altera_nios2_qsys 13.0]
Progress: Parameterizing module CPU
Progress: Adding MEMOIRE_INTERNE [altera_avalon_onchip_memory2 13.0.1.99.2]
Progress: Parameterizing module MEMOIRE_INTERNE
Progress: Adding INPUT [altera_avalon_pio 13.0.1.99.2]
Progress: Parameterizing module INPUT
Progress: Adding OUTPUT [altera_avalon_pio 13.0.1.99.2]
Progress: Parameterizing module OUTPUT
Progress: Adding JTAG_UART [altera_avalon_jtag_uart 13.0.1.99.2]
Progress: Parameterizing module JTAG_UART
Progress: Adding SDRAM [altera_avalon_new_sdram_controller 13.0.1.99.2]
Progress: Parameterizing module SDRAM
Progress: Adding CNTRL_LEFT [altera_avalon_pio 13.0.1.99.2]
Progress: Parameterizing module CNTRL_LEFT
Progress: Adding CNTRL_RIGHT [altera_avalon_pio 13.0.1.99.2]
Progress: Parameterizing module CNTRL_RIGHT
Progress: Building connections
Progress: Parameterizing connections
Progress: Validating
Progress: Done reading input file
Info: nios_system.INPUT: PIO inputs are not hardwired in test bench. Undefined values will be read from PIO inputs during simulation.
Info: nios_system: Generating nios_system "nios_system" for QUARTUS_SYNTH
Info: pipeline_bridge_swap_transform: After transform: 9 modules, 36 connections
Info: No custom instruction connections, skipping transform 
Info: merlin_translator_transform: After transform: 19 modules, 76 connections
Info: merlin_domain_transform: After transform: 39 modules, 207 connections
Info: merlin_router_transform: After transform: 49 modules, 247 connections
Info: merlin_burst_transform: After transform: 50 modules, 251 connections
Info: reset_adaptation_transform: After transform: 51 modules, 196 connections
Info: merlin_network_to_switch_transform: After transform: 70 modules, 238 connections
Info: merlin_width_transform: After transform: 72 modules, 244 connections
Info: merlin_mm_transform: After transform: 72 modules, 244 connections
Info: merlin_interrupt_mapper_transform: After transform: 73 modules, 247 connections
Warning: nios_system: "No matching role found for rst_controller:reset_out:reset_req (reset_req)"
Warning: nios_system: "No matching role found for rst_controller:reset_out:reset_req (reset_req)"
Warning: nios_system: "No matching role found for rst_controller:reset_out:reset_req (reset_req)"
Warning: nios_system: "No matching role found for rst_controller:reset_out:reset_req (reset_req)"
Warning: nios_system: "No matching role found for rst_controller:reset_out:reset_req (reset_req)"
Warning: nios_system: "No matching role found for rst_controller:reset_out:reset_req (reset_req)"
Warning: nios_system: "No matching role found for rst_controller:reset_out:reset_req (reset_req)"
Warning: nios_system: "No matching role found for rst_controller:reset_out:reset_req (reset_req)"
Warning: nios_system: "No matching role found for rst_controller:reset_out:reset_req (reset_req)"
Warning: nios_system: "No matching role found for rst_controller:reset_out:reset_req (reset_req)"
Warning: nios_system: "No matching role found for rst_controller:reset_out:reset_req (reset_req)"
Warning: nios_system: "No matching role found for rst_controller:reset_out:reset_req (reset_req)"
Warning: nios_system: "No matching role found for rst_controller:reset_out:reset_req (reset_req)"
Warning: nios_system: "No matching role found for rst_controller:reset_out:reset_req (reset_req)"
Warning: nios_system: "No matching role found for rst_controller:reset_out:reset_req (reset_req)"
Warning: nios_system: "No matching role found for rst_controller:reset_out:reset_req (reset_req)"
Warning: nios_system: "No matching role found for rst_controller:reset_out:reset_req (reset_req)"
Warning: nios_system: "No matching role found for rst_controller:reset_out:reset_req (reset_req)"
Warning: nios_system: "No matching role found for rst_controller:reset_out:reset_req (reset_req)"
Warning: nios_system: "No matching role found for rst_controller:reset_out:reset_req (reset_req)"
Warning: nios_system: "No matching role found for rst_controller:reset_out:reset_req (reset_req)"
Warning: nios_system: "No matching role found for rst_controller:reset_out:reset_req (reset_req)"
Warning: nios_system: "No matching role found for rst_controller:reset_out:reset_req (reset_req)"
Warning: nios_system: "No matching role found for rst_controller:reset_out:reset_req (reset_req)"
Warning: nios_system: "No matching role found for rst_controller:reset_out:reset_req (reset_req)"
Warning: nios_system: "No matching role found for rst_controller:reset_out:reset_req (reset_req)"
Warning: nios_system: "No matching role found for rst_controller:reset_out:reset_req (reset_req)"
Warning: nios_system: "No matching role found for rst_controller:reset_out:reset_req (reset_req)"
Warning: nios_system: "No matching role found for rst_controller:reset_out:reset_req (reset_req)"
Warning: nios_system: "No matching role found for rst_controller:reset_out:reset_req (reset_req)"
Warning: nios_system: "No matching role found for rst_controller:reset_out:reset_req (reset_req)"
Warning: nios_system: "No matching role found for rst_controller:reset_out:reset_req (reset_req)"
Warning: nios_system: "No matching role found for rst_controller:reset_out:reset_req (reset_req)"
Warning: nios_system: "No matching role found for rst_controller:reset_out:reset_req (reset_req)"
Warning: nios_system: "No matching role found for rst_controller:reset_out:reset_req (reset_req)"
Warning: nios_system: "No matching role found for rst_controller:reset_out:reset_req (reset_req)"
Warning: nios_system: "No matching role found for rst_controller:reset_out:reset_req (reset_req)"
Warning: nios_system: "No matching role found for rst_controller:reset_out:reset_req (reset_req)"
Warning: nios_system: "No matching role found for rst_controller:reset_out:reset_req (reset_req)"
Warning: nios_system: "No matching role found for rst_controller:reset_out:reset_req (reset_req)"
Warning: nios_system: "No matching role found for rst_controller:reset_out:reset_req (reset_req)"
Warning: nios_system: "No matching role found for rst_controller:reset_out:reset_req (reset_req)"
Warning: nios_system: "No matching role found for rst_controller:reset_out:reset_req (reset_req)"
Warning: nios_system: "No matching role found for rst_controller:reset_out:reset_req (reset_req)"
Warning: nios_system: "No matching role found for rst_controller:reset_out:reset_req (reset_req)"
Warning: nios_system: "No matching role found for rst_controller:reset_out:reset_req (reset_req)"
Warning: nios_system: "No matching role found for rst_controller:reset_out:reset_req (reset_req)"
Warning: nios_system: "No matching role found for rst_controller:reset_out:reset_req (reset_req)"
Warning: nios_system: "No matching role found for rst_controller:reset_out:reset_req (reset_req)"
Warning: nios_system: "No matching role found for rst_controller:reset_out:reset_req (reset_req)"
Warning: nios_system: "No matching role found for rst_controller:reset_out:reset_req (reset_req)"
Warning: nios_system: "No matching role found for rst_controller:reset_out:reset_req (reset_req)"
Warning: nios_system: "No matching role found for rst_controller:reset_out:reset_req (reset_req)"
Warning: nios_system: "No matching role found for rst_controller:reset_out:reset_req (reset_req)"
Warning: nios_system: "No matching role found for rst_controller:reset_out:reset_req (reset_req)"
Warning: nios_system: "No matching role found for rst_controller:reset_out:reset_req (reset_req)"
Warning: nios_system: "No matching role found for rst_controller:reset_out:reset_req (reset_req)"
Warning: nios_system: "No matching role found for rst_controller:reset_out:reset_req (reset_req)"
Warning: nios_system: "No matching role found for rst_controller:reset_out:reset_req (reset_req)"
Warning: nios_system: "No matching role found for rst_controller:reset_out:reset_req (reset_req)"
Warning: nios_system: "No matching role found for rst_controller:reset_out:reset_req (reset_req)"
Warning: nios_system: "No matching role found for rst_controller:reset_out:reset_req (reset_req)"
Warning: nios_system: "No matching role found for rst_controller:reset_out:reset_req (reset_req)"
Warning: nios_system: "No matching role found for rst_controller:reset_out:reset_req (reset_req)"
Warning: nios_system: "No matching role found for rst_controller:reset_out:reset_req (reset_req)"
Warning: nios_system: "No matching role found for rst_controller:reset_out:reset_req (reset_req)"
Warning: nios_system: "No matching role found for rst_controller:reset_out:reset_req (reset_req)"
Warning: nios_system: "No matching role found for rst_controller:reset_out:reset_req (reset_req)"
Warning: nios_system: "No matching role found for rst_controller:reset_out:reset_req (reset_req)"
Warning: nios_system: "No matching role found for rst_controller:reset_out:reset_req (reset_req)"
Info: CPU: Starting RTL generation for module 'nios_system_CPU'
Info: CPU:   Generation command is [exec C:/altera/13.0sp1/quartus/../ip/altera/nios2_ip/altera_nios2/eperl.exe -I C:/altera/13.0sp1/quartus/common/ip/altera/common/perl/5.8.3 -I C:/altera/13.0sp1/quartus/sopc_builder/bin/europa -I C:/altera/13.0sp1/quartus/sopc_builder/bin/perl_lib -I C:/altera/13.0sp1/quartus/sopc_builder/bin -I C:/altera/13.0sp1/quartus/../ip/altera/nios2_ip/altera_nios2/cpu_lib -I C:/altera/13.0sp1/quartus/../ip/altera/nios2_ip/altera_nios2/nios_lib -I C:/altera/13.0sp1/quartus/../ip/altera/nios2_ip/altera_nios2 -I C:/altera/13.0sp1/quartus/../ip/altera/nios2_ip/altera_nios2 -- C:/altera/13.0sp1/quartus/../ip/altera/nios2_ip/altera_nios2/generate_rtl.epl --name=nios_system_CPU --dir=C:/Users/ckeou/AppData/Local/Temp/alt0494_8269928941852556247.dir/0001_CPU_gen/ --quartus_dir=C:/altera/13.0sp1/quartus --verilog --config=C:/Users/ckeou/AppData/Local/Temp/alt0494_8269928941852556247.dir/0001_CPU_gen//nios_system_CPU_processor_configuration.pl  --do_build_sim=0    --bogus  ]
Info: CPU: # 2026.02.10 15:17:58 (*) Starting Nios II generation
Info: CPU: # 2026.02.10 15:17:58 (*)   Checking for plaintext license.
Info: CPU: # 2026.02.10 15:18:17 (*)   Plaintext license not found.
Info: CPU: # 2026.02.10 15:18:17 (*)   No license required to generate encrypted Nios II/e.
Info: CPU: # 2026.02.10 15:18:17 (*)   Elaborating CPU configuration settings
Info: CPU: # 2026.02.10 15:18:17 (*)   Creating all objects for CPU
Info: CPU: # 2026.02.10 15:18:18 (*)   Generating RTL from CPU objects
Info: CPU: # 2026.02.10 15:18:18 (*)   Creating plain-text RTL
Info: CPU: # 2026.02.10 15:18:20 (*) Done Nios II generation
Info: CPU: Done RTL generation for module 'nios_system_CPU'
Info: CPU: "nios_system" instantiated altera_nios2_qsys "CPU"
Info: MEMOIRE_INTERNE: Starting RTL generation for module 'nios_system_MEMOIRE_INTERNE'
Info: MEMOIRE_INTERNE:   Generation command is [exec C:/altera/13.0sp1/quartus/bin/perl/bin/perl.exe -I C:/altera/13.0sp1/quartus/common/ip/altera/common/perl/5.8.3 -I C:/altera/13.0sp1/quartus/sopc_builder/bin/europa -I C:/altera/13.0sp1/quartus/sopc_builder/bin/perl_lib -I C:/altera/13.0sp1/quartus/sopc_builder/bin -I C:/altera/13.0sp1/quartus/../ip/altera/sopc_builder_ip/common -I C:/altera/13.0sp1/quartus/../ip/altera/sopc_builder_ip/altera_avalon_onchip_memory2 -- C:/altera/13.0sp1/quartus/../ip/altera/sopc_builder_ip/altera_avalon_onchip_memory2/generate_rtl.pl --name=nios_system_MEMOIRE_INTERNE --dir=C:/Users/ckeou/AppData/Local/Temp/alt0494_8269928941852556247.dir/0002_MEMOIRE_INTERNE_gen/ --quartus_dir=C:/altera/13.0sp1/quartus --verilog --config=C:/Users/ckeou/AppData/Local/Temp/alt0494_8269928941852556247.dir/0002_MEMOIRE_INTERNE_gen//nios_system_MEMOIRE_INTERNE_component_configuration.pl  --do_build_sim=0  ]
Info: MEMOIRE_INTERNE: Done RTL generation for module 'nios_system_MEMOIRE_INTERNE'
Info: MEMOIRE_INTERNE: "nios_system" instantiated altera_avalon_onchip_memory2 "MEMOIRE_INTERNE"
Info: INPUT: Starting RTL generation for module 'nios_system_INPUT'
Info: INPUT:   Generation command is [exec C:/altera/13.0sp1/quartus/bin/perl/bin/perl.exe -I C:/altera/13.0sp1/quartus/common/ip/altera/common/perl/5.8.3 -I C:/altera/13.0sp1/quartus/sopc_builder/bin/europa -I C:/altera/13.0sp1/quartus/sopc_builder/bin/perl_lib -I C:/altera/13.0sp1/quartus/sopc_builder/bin -I C:/altera/13.0sp1/quartus/../ip/altera/sopc_builder_ip/common -I C:/altera/13.0sp1/quartus/../ip/altera/sopc_builder_ip/altera_avalon_pio -- C:/altera/13.0sp1/quartus/../ip/altera/sopc_builder_ip/altera_avalon_pio/generate_rtl.pl --name=nios_system_INPUT --dir=C:/Users/ckeou/AppData/Local/Temp/alt0494_8269928941852556247.dir/0003_INPUT_gen/ --quartus_dir=C:/altera/13.0sp1/quartus --verilog --config=C:/Users/ckeou/AppData/Local/Temp/alt0494_8269928941852556247.dir/0003_INPUT_gen//nios_system_INPUT_component_configuration.pl  --do_build_sim=0  ]
Info: INPUT: Done RTL generation for module 'nios_system_INPUT'
Info: INPUT: "nios_system" instantiated altera_avalon_pio "INPUT"
Info: OUTPUT: Starting RTL generation for module 'nios_system_OUTPUT'
Info: OUTPUT:   Generation command is [exec C:/altera/13.0sp1/quartus/bin/perl/bin/perl.exe -I C:/altera/13.0sp1/quartus/common/ip/altera/common/perl/5.8.3 -I C:/altera/13.0sp1/quartus/sopc_builder/bin/europa -I C:/altera/13.0sp1/quartus/sopc_builder/bin/perl_lib -I C:/altera/13.0sp1/quartus/sopc_builder/bin -I C:/altera/13.0sp1/quartus/../ip/altera/sopc_builder_ip/common -I C:/altera/13.0sp1/quartus/../ip/altera/sopc_builder_ip/altera_avalon_pio -- C:/altera/13.0sp1/quartus/../ip/altera/sopc_builder_ip/altera_avalon_pio/generate_rtl.pl --name=nios_system_OUTPUT --dir=C:/Users/ckeou/AppData/Local/Temp/alt0494_8269928941852556247.dir/0004_OUTPUT_gen/ --quartus_dir=C:/altera/13.0sp1/quartus --verilog --config=C:/Users/ckeou/AppData/Local/Temp/alt0494_8269928941852556247.dir/0004_OUTPUT_gen//nios_system_OUTPUT_component_configuration.pl  --do_build_sim=0  ]
Info: OUTPUT: Done RTL generation for module 'nios_system_OUTPUT'
Info: OUTPUT: "nios_system" instantiated altera_avalon_pio "OUTPUT"
Info: JTAG_UART: Starting RTL generation for module 'nios_system_JTAG_UART'
Info: JTAG_UART:   Generation command is [exec C:/altera/13.0sp1/quartus/bin/perl/bin/perl.exe -I C:/altera/13.0sp1/quartus/common/ip/altera/common/perl/5.8.3 -I C:/altera/13.0sp1/quartus/sopc_builder/bin/europa -I C:/altera/13.0sp1/quartus/sopc_builder/bin/perl_lib -I C:/altera/13.0sp1/quartus/sopc_builder/bin -I C:/altera/13.0sp1/quartus/../ip/altera/sopc_builder_ip/common -I C:/altera/13.0sp1/quartus/../ip/altera/sopc_builder_ip/altera_avalon_jtag_uart -- C:/altera/13.0sp1/quartus/../ip/altera/sopc_builder_ip/altera_avalon_jtag_uart/generate_rtl.pl --name=nios_system_JTAG_UART --dir=C:/Users/ckeou/AppData/Local/Temp/alt0494_8269928941852556247.dir/0005_JTAG_UART_gen/ --quartus_dir=C:/altera/13.0sp1/quartus --verilog --config=C:/Users/ckeou/AppData/Local/Temp/alt0494_8269928941852556247.dir/0005_JTAG_UART_gen//nios_system_JTAG_UART_component_configuration.pl  --do_build_sim=0  ]
Info: JTAG_UART: Done RTL generation for module 'nios_system_JTAG_UART'
Info: JTAG_UART: "nios_system" instantiated altera_avalon_jtag_uart "JTAG_UART"
Info: SDRAM: Starting RTL generation for module 'nios_system_SDRAM'
Info: SDRAM:   Generation command is [exec C:/altera/13.0sp1/quartus/bin/perl/bin/perl.exe -I C:/altera/13.0sp1/quartus/common/ip/altera/common/perl/5.8.3 -I C:/altera/13.0sp1/quartus/sopc_builder/bin/europa -I C:/altera/13.0sp1/quartus/sopc_builder/bin/perl_lib -I C:/altera/13.0sp1/quartus/sopc_builder/bin -I C:/altera/13.0sp1/quartus/../ip/altera/sopc_builder_ip/common -I C:/altera/13.0sp1/quartus/../ip/altera/sopc_builder_ip/altera_avalon_new_sdram_controller -- C:/altera/13.0sp1/quartus/../ip/altera/sopc_builder_ip/altera_avalon_new_sdram_controller/generate_rtl.pl --name=nios_system_SDRAM --dir=C:/Users/ckeou/AppData/Local/Temp/alt0494_8269928941852556247.dir/0006_SDRAM_gen/ --quartus_dir=C:/altera/13.0sp1/quartus --verilog --config=C:/Users/ckeou/AppData/Local/Temp/alt0494_8269928941852556247.dir/0006_SDRAM_gen//nios_system_SDRAM_component_configuration.pl  --do_build_sim=0  ]
Info: SDRAM: Done RTL generation for module 'nios_system_SDRAM'
Info: SDRAM: "nios_system" instantiated altera_avalon_new_sdram_controller "SDRAM"
Info: CNTRL_LEFT: Starting RTL generation for module 'nios_system_CNTRL_LEFT'
Info: CNTRL_LEFT:   Generation command is [exec C:/altera/13.0sp1/quartus/bin/perl/bin/perl.exe -I C:/altera/13.0sp1/quartus/common/ip/altera/common/perl/5.8.3 -I C:/altera/13.0sp1/quartus/sopc_builder/bin/europa -I C:/altera/13.0sp1/quartus/sopc_builder/bin/perl_lib -I C:/altera/13.0sp1/quartus/sopc_builder/bin -I C:/altera/13.0sp1/quartus/../ip/altera/sopc_builder_ip/common -I C:/altera/13.0sp1/quartus/../ip/altera/sopc_builder_ip/altera_avalon_pio -- C:/altera/13.0sp1/quartus/../ip/altera/sopc_builder_ip/altera_avalon_pio/generate_rtl.pl --name=nios_system_CNTRL_LEFT --dir=C:/Users/ckeou/AppData/Local/Temp/alt0494_8269928941852556247.dir/0007_CNTRL_LEFT_gen/ --quartus_dir=C:/altera/13.0sp1/quartus --verilog --config=C:/Users/ckeou/AppData/Local/Temp/alt0494_8269928941852556247.dir/0007_CNTRL_LEFT_gen//nios_system_CNTRL_LEFT_component_configuration.pl  --do_build_sim=0  ]
Info: CNTRL_LEFT: Done RTL generation for module 'nios_system_CNTRL_LEFT'
Info: CNTRL_LEFT: "nios_system" instantiated altera_avalon_pio "CNTRL_LEFT"
Info: CPU_instruction_master_translator: "nios_system" instantiated altera_merlin_master_translator "CPU_instruction_master_translator"
Info: CPU_jtag_debug_module_translator: "nios_system" instantiated altera_merlin_slave_translator "CPU_jtag_debug_module_translator"
Info: CPU_instruction_master_translator_avalon_universal_master_0_agent: "nios_system" instantiated altera_merlin_master_agent "CPU_instruction_master_translator_avalon_universal_master_0_agent"
Info: CPU_jtag_debug_module_translator_avalon_universal_slave_0_agent: "nios_system" instantiated altera_merlin_slave_agent "CPU_jtag_debug_module_translator_avalon_universal_slave_0_agent"
Info: CPU_jtag_debug_module_translator_avalon_universal_slave_0_agent_rsp_fifo: "nios_system" instantiated altera_avalon_sc_fifo "CPU_jtag_debug_module_translator_avalon_universal_slave_0_agent_rsp_fifo"
Info: addr_router: "nios_system" instantiated altera_merlin_router "addr_router"
Info: addr_router_001: "nios_system" instantiated altera_merlin_router "addr_router_001"
Info: id_router: "nios_system" instantiated altera_merlin_router "id_router"
Info: id_router_002: "nios_system" instantiated altera_merlin_router "id_router_002"
Info: id_router_003: "nios_system" instantiated altera_merlin_router "id_router_003"
Info: burst_adapter: "nios_system" instantiated altera_merlin_burst_adapter "burst_adapter"
Info: rst_controller: "nios_system" instantiated altera_reset_controller "rst_controller"
Info: cmd_xbar_demux: "nios_system" instantiated altera_merlin_demultiplexer "cmd_xbar_demux"
Info: cmd_xbar_demux_001: "nios_system" instantiated altera_merlin_demultiplexer "cmd_xbar_demux_001"
Info: cmd_xbar_mux: "nios_system" instantiated altera_merlin_multiplexer "cmd_xbar_mux"
Info: rsp_xbar_demux: "nios_system" instantiated altera_merlin_demultiplexer "rsp_xbar_demux"
Info: rsp_xbar_demux_003: "nios_system" instantiated altera_merlin_demultiplexer "rsp_xbar_demux_003"
Info: rsp_xbar_mux: "nios_system" instantiated altera_merlin_multiplexer "rsp_xbar_mux"
Info: Reusing file P:/FPGA/TP1/nios_system/synthesis/submodules/altera_merlin_arbitrator.sv
Info: rsp_xbar_mux_001: "nios_system" instantiated altera_merlin_multiplexer "rsp_xbar_mux_001"
Info: Reusing file P:/FPGA/TP1/nios_system/synthesis/submodules/altera_merlin_arbitrator.sv
Info: width_adapter: "nios_system" instantiated altera_merlin_width_adapter "width_adapter"
Info: Reusing file P:/FPGA/TP1/nios_system/synthesis/submodules/altera_merlin_address_alignment.sv
Info: Reusing file P:/FPGA/TP1/nios_system/synthesis/submodules/altera_merlin_burst_uncompressor.sv
Info: irq_mapper: "nios_system" instantiated altera_irq_mapper "irq_mapper"
Info: nios_system: Done nios_system" with 29 modules, 130 files, 2758909 bytes
Info: ip-generate succeeded.
Info: Finished: Create HDL design files for synthesis
