Info: Starting: Create block symbol file (.bsf)
Info: ip-generate --project-directory=P:/Documents/TP3/ --output-directory=P:/Documents/TP3/niosII_v1/ --report-file=bsf:P:/Documents/TP3/niosII_v1.bsf --system-info=DEVICE_FAMILY="Cyclone IV E" --system-info=DEVICE=EP4CE22F17C6 --system-info=DEVICE_SPEEDGRADE=6 --component-file=P:/Documents/TP3/niosII_v1.qsys
Progress: Loading TP3/niosII_v1.qsys
Progress: Reading input file
Progress: Adding clk_0 [clock_source 13.0]
Progress: Parameterizing module clk_0
Progress: Adding nios2_qsys_0 [altera_nios2_qsys 13.0]
Progress: Parameterizing module nios2_qsys_0
Progress: Adding onchip_memory2_0 [altera_avalon_onchip_memory2 13.0.1.99.2]
Progress: Parameterizing module onchip_memory2_0
Progress: Adding SW [altera_avalon_pio 13.0.1.99.2]
Progress: Parameterizing module SW
Progress: Adding moteur_R [altera_avalon_pio 13.0.1.99.2]
Progress: Parameterizing module moteur_R
Progress: Adding jtag_uart_0 [altera_avalon_jtag_uart 13.0.1.99.2]
Progress: Parameterizing module jtag_uart_0
Progress: Adding sdram [altera_avalon_new_sdram_controller 13.0.1.99.2]
Progress: Parameterizing module sdram
Progress: Adding clocks [altera_up_clocks 13.0]
Progress: Parameterizing module clocks
Progress: Adding moteur_L [altera_avalon_pio 13.0.1.99.2]
Progress: Parameterizing module moteur_L
Progress: Building connections
Progress: Parameterizing connections
Progress: Validating
Progress: Done reading input file
Info: niosII_v1.SW: PIO inputs are not hardwired in test bench. Undefined values will be read from PIO inputs during simulation.
Info: ip-generate succeeded.
Info: Finished: Create block symbol file (.bsf)
Info: 
Info: Starting: Create HDL design files for synthesis
Info: ip-generate --project-directory=P:/Documents/TP3/ --output-directory=P:/Documents/TP3/niosII_v1/synthesis/ --file-set=QUARTUS_SYNTH --report-file=sopcinfo:P:/Documents/TP3/niosII_v1.sopcinfo --report-file=html:P:/Documents/TP3/niosII_v1.html --report-file=qip:P:/Documents/TP3/niosII_v1/synthesis/niosII_v1.qip --report-file=cmp:P:/Documents/TP3/niosII_v1.cmp --report-file=svd --system-info=DEVICE_FAMILY="Cyclone IV E" --system-info=DEVICE=EP4CE22F17C6 --system-info=DEVICE_SPEEDGRADE=6 --component-file=P:/Documents/TP3/niosII_v1.qsys --language=VHDL
Progress: Loading TP3/niosII_v1.qsys
Progress: Reading input file
Progress: Adding clk_0 [clock_source 13.0]
Progress: Parameterizing module clk_0
Progress: Adding nios2_qsys_0 [altera_nios2_qsys 13.0]
Progress: Parameterizing module nios2_qsys_0
Progress: Adding onchip_memory2_0 [altera_avalon_onchip_memory2 13.0.1.99.2]
Progress: Parameterizing module onchip_memory2_0
Progress: Adding SW [altera_avalon_pio 13.0.1.99.2]
Progress: Parameterizing module SW
Progress: Adding moteur_R [altera_avalon_pio 13.0.1.99.2]
Progress: Parameterizing module moteur_R
Progress: Adding jtag_uart_0 [altera_avalon_jtag_uart 13.0.1.99.2]
Progress: Parameterizing module jtag_uart_0
Progress: Adding sdram [altera_avalon_new_sdram_controller 13.0.1.99.2]
Progress: Parameterizing module sdram
Progress: Adding clocks [altera_up_clocks 13.0]
Progress: Parameterizing module clocks
Progress: Adding moteur_L [altera_avalon_pio 13.0.1.99.2]
Progress: Parameterizing module moteur_L
Progress: Building connections
Progress: Parameterizing connections
Progress: Validating
Progress: Done reading input file
Info: niosII_v1.SW: PIO inputs are not hardwired in test bench. Undefined values will be read from PIO inputs during simulation.
Info: niosII_v1: Generating niosII_v1 "niosII_v1" for QUARTUS_SYNTH
Info: pipeline_bridge_swap_transform: After transform: 9 modules, 34 connections
Info: No custom instruction connections, skipping transform 
Info: merlin_translator_transform: After transform: 18 modules, 69 connections
Info: merlin_domain_transform: After transform: 36 modules, 183 connections
Info: merlin_router_transform: After transform: 45 modules, 218 connections
Info: merlin_burst_transform: After transform: 46 modules, 222 connections
Info: reset_adaptation_transform: After transform: 49 modules, 183 connections
Info: merlin_network_to_switch_transform: After transform: 66 modules, 221 connections
Info: merlin_width_transform: After transform: 68 modules, 227 connections
Info: merlin_mm_transform: After transform: 68 modules, 227 connections
Info: merlin_interrupt_mapper_transform: After transform: 69 modules, 230 connections
Warning: niosII_v1: "No matching role found for rst_controller:reset_out:reset_req (reset_req)"
Warning: niosII_v1: "No matching role found for rst_controller:reset_out:reset_req (reset_req)"
Warning: niosII_v1: "No matching role found for rst_controller:reset_out:reset_req (reset_req)"
Warning: niosII_v1: "No matching role found for rst_controller:reset_out:reset_req (reset_req)"
Warning: niosII_v1: "No matching role found for rst_controller:reset_out:reset_req (reset_req)"
Warning: niosII_v1: "No matching role found for rst_controller:reset_out:reset_req (reset_req)"
Warning: niosII_v1: "No matching role found for rst_controller:reset_out:reset_req (reset_req)"
Warning: niosII_v1: "No matching role found for rst_controller:reset_out:reset_req (reset_req)"
Warning: niosII_v1: "No matching role found for rst_controller:reset_out:reset_req (reset_req)"
Warning: niosII_v1: "No matching role found for rst_controller:reset_out:reset_req (reset_req)"
Warning: niosII_v1: "No matching role found for rst_controller:reset_out:reset_req (reset_req)"
Warning: niosII_v1: "No matching role found for rst_controller:reset_out:reset_req (reset_req)"
Warning: niosII_v1: "No matching role found for rst_controller:reset_out:reset_req (reset_req)"
Warning: niosII_v1: "No matching role found for rst_controller:reset_out:reset_req (reset_req)"
Warning: niosII_v1: "No matching role found for rst_controller:reset_out:reset_req (reset_req)"
Warning: niosII_v1: "No matching role found for rst_controller:reset_out:reset_req (reset_req)"
Warning: niosII_v1: "No matching role found for rst_controller:reset_out:reset_req (reset_req)"
Warning: niosII_v1: "No matching role found for rst_controller:reset_out:reset_req (reset_req)"
Warning: niosII_v1: "No matching role found for rst_controller:reset_out:reset_req (reset_req)"
Warning: niosII_v1: "No matching role found for rst_controller:reset_out:reset_req (reset_req)"
Warning: niosII_v1: "No matching role found for rst_controller:reset_out:reset_req (reset_req)"
Warning: niosII_v1: "No matching role found for rst_controller:reset_out:reset_req (reset_req)"
Warning: niosII_v1: "No matching role found for rst_controller:reset_out:reset_req (reset_req)"
Warning: niosII_v1: "No matching role found for rst_controller:reset_out:reset_req (reset_req)"
Warning: niosII_v1: "No matching role found for rst_controller:reset_out:reset_req (reset_req)"
Warning: niosII_v1: "No matching role found for rst_controller:reset_out:reset_req (reset_req)"
Warning: niosII_v1: "No matching role found for rst_controller:reset_out:reset_req (reset_req)"
Warning: niosII_v1: "No matching role found for rst_controller:reset_out:reset_req (reset_req)"
Warning: niosII_v1: "No matching role found for rst_controller:reset_out:reset_req (reset_req)"
Warning: niosII_v1: "No matching role found for rst_controller:reset_out:reset_req (reset_req)"
Warning: niosII_v1: "No matching role found for rst_controller:reset_out:reset_req (reset_req)"
Warning: niosII_v1: "No matching role found for rst_controller:reset_out:reset_req (reset_req)"
Warning: niosII_v1: "No matching role found for rst_controller:reset_out:reset_req (reset_req)"
Warning: niosII_v1: "No matching role found for rst_controller:reset_out:reset_req (reset_req)"
Warning: niosII_v1: "No matching role found for rst_controller:reset_out:reset_req (reset_req)"
Warning: niosII_v1: "No matching role found for rst_controller:reset_out:reset_req (reset_req)"
Warning: niosII_v1: "No matching role found for rst_controller:reset_out:reset_req (reset_req)"
Warning: niosII_v1: "No matching role found for rst_controller:reset_out:reset_req (reset_req)"
Warning: niosII_v1: "No matching role found for rst_controller:reset_out:reset_req (reset_req)"
Warning: niosII_v1: "No matching role found for rst_controller:reset_out:reset_req (reset_req)"
Warning: niosII_v1: "No matching role found for rst_controller:reset_out:reset_req (reset_req)"
Warning: niosII_v1: "No matching role found for rst_controller:reset_out:reset_req (reset_req)"
Warning: niosII_v1: "No matching role found for rst_controller:reset_out:reset_req (reset_req)"
Warning: niosII_v1: "No matching role found for rst_controller:reset_out:reset_req (reset_req)"
Warning: niosII_v1: "No matching role found for rst_controller:reset_out:reset_req (reset_req)"
Warning: niosII_v1: "No matching role found for rst_controller:reset_out:reset_req (reset_req)"
Warning: niosII_v1: "No matching role found for rst_controller:reset_out:reset_req (reset_req)"
Warning: niosII_v1: "No matching role found for rst_controller:reset_out:reset_req (reset_req)"
Warning: niosII_v1: "No matching role found for rst_controller:reset_out:reset_req (reset_req)"
Warning: niosII_v1: "No matching role found for rst_controller:reset_out:reset_req (reset_req)"
Warning: niosII_v1: "No matching role found for rst_controller:reset_out:reset_req (reset_req)"
Warning: niosII_v1: "No matching role found for rst_controller:reset_out:reset_req (reset_req)"
Warning: niosII_v1: "No matching role found for rst_controller:reset_out:reset_req (reset_req)"
Warning: niosII_v1: "No matching role found for rst_controller:reset_out:reset_req (reset_req)"
Warning: niosII_v1: "No matching role found for rst_controller:reset_out:reset_req (reset_req)"
Warning: niosII_v1: "No matching role found for rst_controller:reset_out:reset_req (reset_req)"
Info: nios2_qsys_0: Starting RTL generation for module 'niosII_v1_nios2_qsys_0'
Info: nios2_qsys_0:   Generation command is [exec C:/altera/13.0sp1/quartus/../ip/altera/nios2_ip/altera_nios2/eperl.exe -I C:/altera/13.0sp1/quartus/common/ip/altera/common/perl/5.8.3 -I C:/altera/13.0sp1/quartus/sopc_builder/bin/europa -I C:/altera/13.0sp1/quartus/sopc_builder/bin/perl_lib -I C:/altera/13.0sp1/quartus/sopc_builder/bin -I C:/altera/13.0sp1/quartus/../ip/altera/nios2_ip/altera_nios2/cpu_lib -I C:/altera/13.0sp1/quartus/../ip/altera/nios2_ip/altera_nios2/nios_lib -I C:/altera/13.0sp1/quartus/../ip/altera/nios2_ip/altera_nios2 -I C:/altera/13.0sp1/quartus/../ip/altera/nios2_ip/altera_nios2 -- C:/altera/13.0sp1/quartus/../ip/altera/nios2_ip/altera_nios2/generate_rtl.epl --name=niosII_v1_nios2_qsys_0 --dir=C:/Users/yknis/AppData/Local/Temp/alt0494_1278631268902796402.dir/0001_nios2_qsys_0_gen/ --quartus_dir=C:/altera/13.0sp1/quartus --verilog --config=C:/Users/yknis/AppData/Local/Temp/alt0494_1278631268902796402.dir/0001_nios2_qsys_0_gen//niosII_v1_nios2_qsys_0_processor_configuration.pl  --do_build_sim=0    --bogus  ]
Info: nios2_qsys_0: # 2026.02.10 15:41:54 (*) Starting Nios II generation
Info: nios2_qsys_0: # 2026.02.10 15:41:54 (*)   Checking for plaintext license.
Info: nios2_qsys_0: # 2026.02.10 15:42:12 (*)   Plaintext license not found.
Info: nios2_qsys_0: # 2026.02.10 15:42:12 (*)   No license required to generate encrypted Nios II/e.
Info: nios2_qsys_0: # 2026.02.10 15:42:12 (*)   Elaborating CPU configuration settings
Info: nios2_qsys_0: # 2026.02.10 15:42:12 (*)   Creating all objects for CPU
Info: nios2_qsys_0: # 2026.02.10 15:42:13 (*)   Generating RTL from CPU objects
Info: nios2_qsys_0: # 2026.02.10 15:42:13 (*)   Creating plain-text RTL
Info: nios2_qsys_0: # 2026.02.10 15:42:15 (*) Done Nios II generation
Info: nios2_qsys_0: Done RTL generation for module 'niosII_v1_nios2_qsys_0'
Info: nios2_qsys_0: "niosII_v1" instantiated altera_nios2_qsys "nios2_qsys_0"
Info: onchip_memory2_0: Starting RTL generation for module 'niosII_v1_onchip_memory2_0'
Info: onchip_memory2_0:   Generation command is [exec C:/altera/13.0sp1/quartus/bin/perl/bin/perl.exe -I C:/altera/13.0sp1/quartus/common/ip/altera/common/perl/5.8.3 -I C:/altera/13.0sp1/quartus/sopc_builder/bin/europa -I C:/altera/13.0sp1/quartus/sopc_builder/bin/perl_lib -I C:/altera/13.0sp1/quartus/sopc_builder/bin -I C:/altera/13.0sp1/quartus/../ip/altera/sopc_builder_ip/common -I C:/altera/13.0sp1/quartus/../ip/altera/sopc_builder_ip/altera_avalon_onchip_memory2 -- C:/altera/13.0sp1/quartus/../ip/altera/sopc_builder_ip/altera_avalon_onchip_memory2/generate_rtl.pl --name=niosII_v1_onchip_memory2_0 --dir=C:/Users/yknis/AppData/Local/Temp/alt0494_1278631268902796402.dir/0002_onchip_memory2_0_gen/ --quartus_dir=C:/altera/13.0sp1/quartus --verilog --config=C:/Users/yknis/AppData/Local/Temp/alt0494_1278631268902796402.dir/0002_onchip_memory2_0_gen//niosII_v1_onchip_memory2_0_component_configuration.pl  --do_build_sim=0  ]
Info: onchip_memory2_0: Done RTL generation for module 'niosII_v1_onchip_memory2_0'
Info: onchip_memory2_0: "niosII_v1" instantiated altera_avalon_onchip_memory2 "onchip_memory2_0"
Info: SW: Starting RTL generation for module 'niosII_v1_SW'
Info: SW:   Generation command is [exec C:/altera/13.0sp1/quartus/bin/perl/bin/perl.exe -I C:/altera/13.0sp1/quartus/common/ip/altera/common/perl/5.8.3 -I C:/altera/13.0sp1/quartus/sopc_builder/bin/europa -I C:/altera/13.0sp1/quartus/sopc_builder/bin/perl_lib -I C:/altera/13.0sp1/quartus/sopc_builder/bin -I C:/altera/13.0sp1/quartus/../ip/altera/sopc_builder_ip/common -I C:/altera/13.0sp1/quartus/../ip/altera/sopc_builder_ip/altera_avalon_pio -- C:/altera/13.0sp1/quartus/../ip/altera/sopc_builder_ip/altera_avalon_pio/generate_rtl.pl --name=niosII_v1_SW --dir=C:/Users/yknis/AppData/Local/Temp/alt0494_1278631268902796402.dir/0003_SW_gen/ --quartus_dir=C:/altera/13.0sp1/quartus --verilog --config=C:/Users/yknis/AppData/Local/Temp/alt0494_1278631268902796402.dir/0003_SW_gen//niosII_v1_SW_component_configuration.pl  --do_build_sim=0  ]
Info: SW: Done RTL generation for module 'niosII_v1_SW'
Info: SW: "niosII_v1" instantiated altera_avalon_pio "SW"
Info: moteur_R: Starting RTL generation for module 'niosII_v1_moteur_R'
Info: moteur_R:   Generation command is [exec C:/altera/13.0sp1/quartus/bin/perl/bin/perl.exe -I C:/altera/13.0sp1/quartus/common/ip/altera/common/perl/5.8.3 -I C:/altera/13.0sp1/quartus/sopc_builder/bin/europa -I C:/altera/13.0sp1/quartus/sopc_builder/bin/perl_lib -I C:/altera/13.0sp1/quartus/sopc_builder/bin -I C:/altera/13.0sp1/quartus/../ip/altera/sopc_builder_ip/common -I C:/altera/13.0sp1/quartus/../ip/altera/sopc_builder_ip/altera_avalon_pio -- C:/altera/13.0sp1/quartus/../ip/altera/sopc_builder_ip/altera_avalon_pio/generate_rtl.pl --name=niosII_v1_moteur_R --dir=C:/Users/yknis/AppData/Local/Temp/alt0494_1278631268902796402.dir/0004_moteur_R_gen/ --quartus_dir=C:/altera/13.0sp1/quartus --verilog --config=C:/Users/yknis/AppData/Local/Temp/alt0494_1278631268902796402.dir/0004_moteur_R_gen//niosII_v1_moteur_R_component_configuration.pl  --do_build_sim=0  ]
Info: moteur_R: Done RTL generation for module 'niosII_v1_moteur_R'
Info: moteur_R: "niosII_v1" instantiated altera_avalon_pio "moteur_R"
Info: jtag_uart_0: Starting RTL generation for module 'niosII_v1_jtag_uart_0'
Info: jtag_uart_0:   Generation command is [exec C:/altera/13.0sp1/quartus/bin/perl/bin/perl.exe -I C:/altera/13.0sp1/quartus/common/ip/altera/common/perl/5.8.3 -I C:/altera/13.0sp1/quartus/sopc_builder/bin/europa -I C:/altera/13.0sp1/quartus/sopc_builder/bin/perl_lib -I C:/altera/13.0sp1/quartus/sopc_builder/bin -I C:/altera/13.0sp1/quartus/../ip/altera/sopc_builder_ip/common -I C:/altera/13.0sp1/quartus/../ip/altera/sopc_builder_ip/altera_avalon_jtag_uart -- C:/altera/13.0sp1/quartus/../ip/altera/sopc_builder_ip/altera_avalon_jtag_uart/generate_rtl.pl --name=niosII_v1_jtag_uart_0 --dir=C:/Users/yknis/AppData/Local/Temp/alt0494_1278631268902796402.dir/0005_jtag_uart_0_gen/ --quartus_dir=C:/altera/13.0sp1/quartus --verilog --config=C:/Users/yknis/AppData/Local/Temp/alt0494_1278631268902796402.dir/0005_jtag_uart_0_gen//niosII_v1_jtag_uart_0_component_configuration.pl  --do_build_sim=0  ]
Info: jtag_uart_0: Done RTL generation for module 'niosII_v1_jtag_uart_0'
Info: jtag_uart_0: "niosII_v1" instantiated altera_avalon_jtag_uart "jtag_uart_0"
Info: sdram: Starting RTL generation for module 'niosII_v1_sdram'
Info: sdram:   Generation command is [exec C:/altera/13.0sp1/quartus/bin/perl/bin/perl.exe -I C:/altera/13.0sp1/quartus/common/ip/altera/common/perl/5.8.3 -I C:/altera/13.0sp1/quartus/sopc_builder/bin/europa -I C:/altera/13.0sp1/quartus/sopc_builder/bin/perl_lib -I C:/altera/13.0sp1/quartus/sopc_builder/bin -I C:/altera/13.0sp1/quartus/../ip/altera/sopc_builder_ip/common -I C:/altera/13.0sp1/quartus/../ip/altera/sopc_builder_ip/altera_avalon_new_sdram_controller -- C:/altera/13.0sp1/quartus/../ip/altera/sopc_builder_ip/altera_avalon_new_sdram_controller/generate_rtl.pl --name=niosII_v1_sdram --dir=C:/Users/yknis/AppData/Local/Temp/alt0494_1278631268902796402.dir/0006_sdram_gen/ --quartus_dir=C:/altera/13.0sp1/quartus --verilog --config=C:/Users/yknis/AppData/Local/Temp/alt0494_1278631268902796402.dir/0006_sdram_gen//niosII_v1_sdram_component_configuration.pl  --do_build_sim=0  ]
Info: sdram: Done RTL generation for module 'niosII_v1_sdram'
Info: sdram: "niosII_v1" instantiated altera_avalon_new_sdram_controller "sdram"
Info: clocks: Starting Generation of Required Clocks for DE-Series Boards
Info: clocks: "niosII_v1" instantiated altera_up_clocks "clocks"
Info: nios2_qsys_0_instruction_master_translator: "niosII_v1" instantiated altera_merlin_master_translator "nios2_qsys_0_instruction_master_translator"
Info: nios2_qsys_0_jtag_debug_module_translator: "niosII_v1" instantiated altera_merlin_slave_translator "nios2_qsys_0_jtag_debug_module_translator"
Info: nios2_qsys_0_instruction_master_translator_avalon_universal_master_0_agent: "niosII_v1" instantiated altera_merlin_master_agent "nios2_qsys_0_instruction_master_translator_avalon_universal_master_0_agent"
Info: nios2_qsys_0_jtag_debug_module_translator_avalon_universal_slave_0_agent: "niosII_v1" instantiated altera_merlin_slave_agent "nios2_qsys_0_jtag_debug_module_translator_avalon_universal_slave_0_agent"
Info: nios2_qsys_0_jtag_debug_module_translator_avalon_universal_slave_0_agent_rsp_fifo: "niosII_v1" instantiated altera_avalon_sc_fifo "nios2_qsys_0_jtag_debug_module_translator_avalon_universal_slave_0_agent_rsp_fifo"
Info: addr_router: "niosII_v1" instantiated altera_merlin_router "addr_router"
Info: addr_router_001: "niosII_v1" instantiated altera_merlin_router "addr_router_001"
Info: id_router: "niosII_v1" instantiated altera_merlin_router "id_router"
Info: id_router_002: "niosII_v1" instantiated altera_merlin_router "id_router_002"
Info: id_router_003: "niosII_v1" instantiated altera_merlin_router "id_router_003"
Info: burst_adapter: "niosII_v1" instantiated altera_merlin_burst_adapter "burst_adapter"
Info: rst_controller: "niosII_v1" instantiated altera_reset_controller "rst_controller"
Info: cmd_xbar_demux: "niosII_v1" instantiated altera_merlin_demultiplexer "cmd_xbar_demux"
Info: cmd_xbar_demux_001: "niosII_v1" instantiated altera_merlin_demultiplexer "cmd_xbar_demux_001"
Info: cmd_xbar_mux: "niosII_v1" instantiated altera_merlin_multiplexer "cmd_xbar_mux"
Info: rsp_xbar_demux: "niosII_v1" instantiated altera_merlin_demultiplexer "rsp_xbar_demux"
Info: rsp_xbar_demux_003: "niosII_v1" instantiated altera_merlin_demultiplexer "rsp_xbar_demux_003"
Info: rsp_xbar_mux: "niosII_v1" instantiated altera_merlin_multiplexer "rsp_xbar_mux"
Info: Reusing file P:/Documents/TP3/niosII_v1/synthesis/submodules/altera_merlin_arbitrator.sv
Info: rsp_xbar_mux_001: "niosII_v1" instantiated altera_merlin_multiplexer "rsp_xbar_mux_001"
Info: Reusing file P:/Documents/TP3/niosII_v1/synthesis/submodules/altera_merlin_arbitrator.sv
Info: width_adapter: "niosII_v1" instantiated altera_merlin_width_adapter "width_adapter"
Info: Reusing file P:/Documents/TP3/niosII_v1/synthesis/submodules/altera_merlin_address_alignment.sv
Info: Reusing file P:/Documents/TP3/niosII_v1/synthesis/submodules/altera_merlin_burst_uncompressor.sv
Info: irq_mapper: "niosII_v1" instantiated altera_irq_mapper "irq_mapper"
Info: niosII_v1: Done niosII_v1" with 29 modules, 142 files, 2720978 bytes
Info: ip-generate succeeded.
Info: Finished: Create HDL design files for synthesis
