Flow report for Projet_fpga_v1
Tue Feb 10 17:13:13 2026
Quartus II 32-bit Version 13.0.1 Build 232 06/12/2013 Service Pack 1 SJ Full Version


---------------------
; Table of Contents ;
---------------------
  1. Legal Notice
  2. Flow Summary
  3. Flow Settings
  4. Flow Non-Default Global Settings
  5. Flow Elapsed Time
  6. Flow OS Summary
  7. Flow Log
  8. Flow Messages
  9. Flow Suppressed Messages



----------------
; Legal Notice ;
----------------
Copyright (C) 1991-2013 Altera Corporation
Your use of Altera Corporation's design tools, logic functions 
and other software and tools, and its AMPP partner logic 
functions, and any output files from any of the foregoing 
(including device programming or simulation files), and any 
associated documentation or information are expressly subject 
to the terms and conditions of the Altera Program License 
Subscription Agreement, Altera MegaCore Function License 
Agreement, or other applicable license agreement, including, 
without limitation, that your use is for the sole purpose of 
programming logic devices manufactured by Altera and sold by 
Altera or its authorized distributors.  Please refer to the 
applicable agreement for further details.



+---------------------------------------------------------------------------------------+
; Flow Summary                                                                          ;
+------------------------------------+--------------------------------------------------+
; Flow Status                        ; Successful - Tue Feb 10 17:12:52 2026            ;
; Quartus II 32-bit Version          ; 13.0.1 Build 232 06/12/2013 SP 1 SJ Full Version ;
; Revision Name                      ; Projet_fpga_v1                                   ;
; Top-level Entity Name              ; lights                                           ;
; Family                             ; Cyclone IV E                                     ;
; Device                             ; EP4CE22F17C6                                     ;
; Timing Models                      ; Final                                            ;
; Total logic elements               ; 2,505 / 22,320 ( 11 % )                          ;
;     Total combinational functions  ; 2,295 / 22,320 ( 10 % )                          ;
;     Dedicated logic registers      ; 1,525 / 22,320 ( 7 % )                           ;
; Total registers                    ; 1594                                             ;
; Total pins                         ; 51 / 154 ( 33 % )                                ;
; Total virtual pins                 ; 0                                                ;
; Total memory bits                  ; 44,032 / 608,256 ( 7 % )                         ;
; Embedded Multiplier 9-bit elements ; 0 / 132 ( 0 % )                                  ;
; Total PLLs                         ; 1 / 4 ( 25 % )                                   ;
+------------------------------------+--------------------------------------------------+


+-----------------------------------------+
; Flow Settings                           ;
+-------------------+---------------------+
; Option            ; Setting             ;
+-------------------+---------------------+
; Start date & time ; 02/10/2026 17:10:19 ;
; Main task         ; Compilation         ;
; Revision Name     ; Projet_fpga_v1      ;
+-------------------+---------------------+


+--------------------------------------------------------------------------------------------------------------------------------+
; Flow Non-Default Global Settings                                                                                               ;
+-------------------------------------+---------------------------------------+----------------+--------------------+------------+
; Assignment Name                     ; Value                                 ; Default Value  ; Entity Name        ; Section Id ;
+-------------------------------------+---------------------------------------+----------------+--------------------+------------+
; COMPILER_SIGNATURE_ID               ; 154946506719067.177073981803084       ; --             ; --                 ; --         ;
; MAX_CORE_JUNCTION_TEMP              ; 85                                    ; --             ; --                 ; --         ;
; MIN_CORE_JUNCTION_TEMP              ; 0                                     ; --             ; --                 ; --         ;
; NOMINAL_CORE_SUPPLY_VOLTAGE         ; 1.2V                                  ; --             ; --                 ; --         ;
; PARTITION_COLOR                     ; 16764057                              ; --             ; DE0_NANO           ; Top        ;
; PARTITION_COLOR                     ; 16764057                              ; --             ; DE0_NANO_SMART_CAR ; Top        ;
; PARTITION_COLOR                     ; 16764057                              ; --             ; lights             ; Top        ;
; PARTITION_FITTER_PRESERVATION_LEVEL ; PLACEMENT_AND_ROUTING                 ; --             ; DE0_NANO           ; Top        ;
; PARTITION_FITTER_PRESERVATION_LEVEL ; PLACEMENT_AND_ROUTING                 ; --             ; DE0_NANO_SMART_CAR ; Top        ;
; PARTITION_FITTER_PRESERVATION_LEVEL ; PLACEMENT_AND_ROUTING                 ; --             ; lights             ; Top        ;
; PARTITION_NETLIST_TYPE              ; SOURCE                                ; --             ; DE0_NANO           ; Top        ;
; PARTITION_NETLIST_TYPE              ; SOURCE                                ; --             ; DE0_NANO_SMART_CAR ; Top        ;
; PARTITION_NETLIST_TYPE              ; SOURCE                                ; --             ; lights             ; Top        ;
; POWER_BOARD_THERMAL_MODEL           ; None (CONSERVATIVE)                   ; --             ; --                 ; --         ;
; POWER_PRESET_COOLING_SOLUTION       ; 23 MM HEAT SINK WITH 200 LFPM AIRFLOW ; --             ; --                 ; --         ;
; PROJECT_OUTPUT_DIRECTORY            ; output_files                          ; --             ; --                 ; --         ;
; TOP_LEVEL_ENTITY                    ; lights                                ; Projet_fpga_v1 ; --                 ; --         ;
+-------------------------------------+---------------------------------------+----------------+--------------------+------------+


+-------------------------------------------------------------------------------------------------------------------------------+
; Flow Elapsed Time                                                                                                             ;
+---------------------------+--------------+-------------------------+---------------------+------------------------------------+
; Module Name               ; Elapsed Time ; Average Processors Used ; Peak Virtual Memory ; Total CPU Time (on all processors) ;
+---------------------------+--------------+-------------------------+---------------------+------------------------------------+
; Analysis & Synthesis      ; 00:01:33     ; 1.0                     ; 479 MB              ; 00:00:40                           ;
; Fitter                    ; 00:00:33     ; 1.0                     ; 728 MB              ; 00:00:20                           ;
; Assembler                 ; 00:00:13     ; 1.0                     ; 395 MB              ; 00:00:03                           ;
; TimeQuest Timing Analyzer ; 00:00:19     ; 1.0                     ; 491 MB              ; 00:00:05                           ;
; Total                     ; 00:02:38     ; --                      ; --                  ; 00:01:08                           ;
+---------------------------+--------------+-------------------------+---------------------+------------------------------------+


+----------------------------------------------------------------------------------------+
; Flow OS Summary                                                                        ;
+---------------------------+------------------+-----------+------------+----------------+
; Module Name               ; Machine Hostname ; OS Name   ; OS Version ; Processor type ;
+---------------------------+------------------+-----------+------------+----------------+
; Analysis & Synthesis      ; a-137155         ; Windows 7 ; 6.2        ; x86_64         ;
; Fitter                    ; a-137155         ; Windows 7 ; 6.2        ; x86_64         ;
; Assembler                 ; a-137155         ; Windows 7 ; 6.2        ; x86_64         ;
; TimeQuest Timing Analyzer ; a-137155         ; Windows 7 ; 6.2        ; x86_64         ;
+---------------------------+------------------+-----------+------------+----------------+


------------
; Flow Log ;
------------
quartus_map --read_settings_files=on --write_settings_files=off Projet_fpga_v1 -c Projet_fpga_v1
quartus_fit --read_settings_files=off --write_settings_files=off Projet_fpga_v1 -c Projet_fpga_v1
quartus_asm --read_settings_files=off --write_settings_files=off Projet_fpga_v1 -c Projet_fpga_v1
quartus_sta Projet_fpga_v1 -c Projet_fpga_v1



